0 info it worked if it ends with ok
1 verbose cli [ '/usr/bin/node',
1 verbose cli   '/usr/bin/npm',
1 verbose cli   'install',
1 verbose cli   'express-generator',
1 verbose cli   '-g' ]
2 info using npm@3.5.2
3 info using node@v8.10.0
4 silly loadCurrentTree Starting
5 silly install loadCurrentTree
6 silly install readGlobalPackageData
7 silly fetchPackageMetaData express-generator
8 silly fetchNamedPackageData express-generator
9 silly mapToRegistry name express-generator
10 silly mapToRegistry using default registry
11 silly mapToRegistry registry https://registry.npmjs.org/
12 silly mapToRegistry uri https://registry.npmjs.org/express-generator
13 verbose request uri https://registry.npmjs.org/express-generator
14 verbose request no auth needed
15 info attempt registry request try #1 at 2:19:27 PM
16 verbose request id d91ffec1977fb005
17 verbose etag W/"432ae17c0f29be97b04f5e5034c2560c"
18 verbose lastModified Thu, 03 Jan 2019 20:35:29 GMT
19 http request GET https://registry.npmjs.org/express-generator
20 http 304 https://registry.npmjs.org/express-generator
21 verbose headers { date: 'Mon, 04 Feb 2019 13:19:27 GMT',
21 verbose headers   connection: 'keep-alive',
21 verbose headers   'set-cookie':
21 verbose headers    [ '__cfduid=d4765a3f5f39057aae4158d8a48aaad841549286367; expires=Tue, 04-Feb-20 13:19:27 GMT; path=/; domain=.registry.npmjs.org; HttpOnly' ],
21 verbose headers   'cf-cache-status': 'HIT',
21 verbose headers   'cache-control': 'max-age=300',
21 verbose headers   'cf-ray': '4a3d6dd53f54b765-CDG',
21 verbose headers   etag: '"432ae17c0f29be97b04f5e5034c2560c"',
21 verbose headers   'expect-ct': 'max-age=604800, report-uri="https://report-uri.cloudflare.com/cdn-cgi/beacon/expect-ct"',
21 verbose headers   'last-modified': 'Thu, 03 Jan 2019 20:35:29 GMT',
21 verbose headers   vary: 'accept-encoding, accept',
21 verbose headers   'x-amz-meta-rev': '167-f61288593c947cd463726bf6b608ae42',
21 verbose headers   server: 'cloudflare' }
22 silly get cb [ 304,
22 silly get   { date: 'Mon, 04 Feb 2019 13:19:27 GMT',
22 silly get     connection: 'keep-alive',
22 silly get     'set-cookie':
22 silly get      [ '__cfduid=d4765a3f5f39057aae4158d8a48aaad841549286367; expires=Tue, 04-Feb-20 13:19:27 GMT; path=/; domain=.registry.npmjs.org; HttpOnly' ],
22 silly get     'cf-cache-status': 'HIT',
22 silly get     'cache-control': 'max-age=300',
22 silly get     'cf-ray': '4a3d6dd53f54b765-CDG',
22 silly get     etag: '"432ae17c0f29be97b04f5e5034c2560c"',
22 silly get     'expect-ct': 'max-age=604800, report-uri="https://report-uri.cloudflare.com/cdn-cgi/beacon/expect-ct"',
22 silly get     'last-modified': 'Thu, 03 Jan 2019 20:35:29 GMT',
22 silly get     vary: 'accept-encoding, accept',
22 silly get     'x-amz-meta-rev': '167-f61288593c947cd463726bf6b608ae42',
22 silly get     server: 'cloudflare' } ]
23 verbose etag https://registry.npmjs.org/express-generator from cache
24 verbose get saving express-generator to /home/bc022/.npm/registry.npmjs.org/express-generator/.cache.json
25 silly install normalizeTree
26 silly loadCurrentTree Finishing
27 silly loadIdealTree Starting
28 silly install loadIdealTree
29 silly cloneCurrentTree Starting
30 silly install cloneCurrentTreeToIdealTree
31 silly cloneCurrentTree Finishing
32 silly loadShrinkwrap Starting
33 silly install loadShrinkwrap
34 silly loadShrinkwrap Finishing
35 silly loadAllDepsIntoIdealTree Starting
36 silly install loadAllDepsIntoIdealTree
37 silly resolveWithNewModule express-generator@4.16.0 checking installable status
38 silly cache add args [ 'express-generator', null ]
39 verbose cache add spec express-generator
40 silly cache add parsed spec Result {
40 silly cache add   raw: 'express-generator',
40 silly cache add   scope: null,
40 silly cache add   name: 'express-generator',
40 silly cache add   rawSpec: '',
40 silly cache add   spec: 'latest',
40 silly cache add   type: 'tag' }
41 silly addNamed express-generator@latest
42 verbose addNamed "latest" is being treated as a dist-tag for express-generator
43 info addNameTag [ 'express-generator', 'latest' ]
44 silly mapToRegistry name express-generator
45 silly mapToRegistry using default registry
46 silly mapToRegistry registry https://registry.npmjs.org/
47 silly mapToRegistry uri https://registry.npmjs.org/express-generator
48 verbose addNameTag registry:https://registry.npmjs.org/express-generator not in flight; fetching
49 verbose get https://registry.npmjs.org/express-generator not expired, no request
50 silly addNameTag next cb for express-generator with tag latest
51 silly addNamed express-generator@4.16.0
52 verbose addNamed "4.16.0" is a plain semver version for express-generator
53 silly cache afterAdd express-generator@4.16.0
54 verbose afterAdd /home/bc022/.npm/express-generator/4.16.0/package/package.json not in flight; writing
55 verbose afterAdd /home/bc022/.npm/express-generator/4.16.0/package/package.json written
56 silly fetchNamedPackageData commander
57 silly mapToRegistry name commander
58 silly mapToRegistry using default registry
59 silly mapToRegistry registry https://registry.npmjs.org/
60 silly mapToRegistry uri https://registry.npmjs.org/commander
61 silly fetchNamedPackageData ejs
62 silly mapToRegistry name ejs
63 silly mapToRegistry using default registry
64 silly mapToRegistry registry https://registry.npmjs.org/
65 silly mapToRegistry uri https://registry.npmjs.org/ejs
66 silly fetchNamedPackageData minimatch
67 silly mapToRegistry name minimatch
68 silly mapToRegistry using default registry
69 silly mapToRegistry registry https://registry.npmjs.org/
70 silly mapToRegistry uri https://registry.npmjs.org/minimatch
71 silly fetchNamedPackageData mkdirp
72 silly mapToRegistry name mkdirp
73 silly mapToRegistry using default registry
74 silly mapToRegistry registry https://registry.npmjs.org/
75 silly mapToRegistry uri https://registry.npmjs.org/mkdirp
76 silly fetchNamedPackageData sorted-object
77 silly mapToRegistry name sorted-object
78 silly mapToRegistry using default registry
79 silly mapToRegistry registry https://registry.npmjs.org/
80 silly mapToRegistry uri https://registry.npmjs.org/sorted-object
81 verbose request uri https://registry.npmjs.org/commander
82 verbose request no auth needed
83 info attempt registry request try #1 at 2:19:27 PM
84 verbose etag W/"eaa140feadc822f6ecfd55aef91fe881"
85 verbose lastModified Tue, 01 Jan 2019 14:54:38 GMT
86 http request GET https://registry.npmjs.org/commander
87 verbose request uri https://registry.npmjs.org/minimatch
88 verbose request no auth needed
89 info attempt registry request try #1 at 2:19:27 PM
90 verbose etag W/"6e7e7da96df71be2863b8b8d1fcb5152"
91 verbose lastModified Sun, 27 May 2018 08:07:30 GMT
92 http request GET https://registry.npmjs.org/minimatch
93 verbose request uri https://registry.npmjs.org/ejs
94 verbose request no auth needed
95 info attempt registry request try #1 at 2:19:27 PM
96 verbose etag W/"17682c484328abcd2ddf27bad35a86eb"
97 verbose lastModified Sat, 26 May 2018 22:51:16 GMT
98 http request GET https://registry.npmjs.org/ejs
99 verbose request uri https://registry.npmjs.org/mkdirp
100 verbose request no auth needed
101 info attempt registry request try #1 at 2:19:27 PM
102 verbose etag W/"ada8927dab30a8226171e5034ce7d53f"
103 verbose lastModified Wed, 16 Jan 2019 11:19:37 GMT
104 http request GET https://registry.npmjs.org/mkdirp
105 verbose request uri https://registry.npmjs.org/sorted-object
106 verbose request no auth needed
107 info attempt registry request try #1 at 2:19:27 PM
108 verbose etag W/"ea98145528816e58739d28c9c9bc4e4f"
109 verbose lastModified Sun, 27 May 2018 17:50:35 GMT
110 http request GET https://registry.npmjs.org/sorted-object
111 http 304 https://registry.npmjs.org/commander
112 verbose headers { date: 'Mon, 04 Feb 2019 13:19:27 GMT',
112 verbose headers   connection: 'keep-alive',
112 verbose headers   'set-cookie':
112 verbose headers    [ '__cfduid=d4765a3f5f39057aae4158d8a48aaad841549286367; expires=Tue, 04-Feb-20 13:19:27 GMT; path=/; domain=.registry.npmjs.org; HttpOnly' ],
112 verbose headers   'cf-cache-status': 'HIT',
112 verbose headers   'cache-control': 'max-age=300',
112 verbose headers   'cf-ray': '4a3d6dd618d3b765-CDG',
112 verbose headers   etag: '"eaa140feadc822f6ecfd55aef91fe881"',
112 verbose headers   'expect-ct': 'max-age=604800, report-uri="https://report-uri.cloudflare.com/cdn-cgi/beacon/expect-ct"',
112 verbose headers   'last-modified': 'Tue, 01 Jan 2019 14:54:38 GMT',
112 verbose headers   vary: 'accept-encoding, accept',
112 verbose headers   'x-amz-meta-rev': '1317-6e47cf681789e53062625120e2d448eb',
112 verbose headers   server: 'cloudflare' }
113 silly get cb [ 304,
113 silly get   { date: 'Mon, 04 Feb 2019 13:19:27 GMT',
113 silly get     connection: 'keep-alive',
113 silly get     'set-cookie':
113 silly get      [ '__cfduid=d4765a3f5f39057aae4158d8a48aaad841549286367; expires=Tue, 04-Feb-20 13:19:27 GMT; path=/; domain=.registry.npmjs.org; HttpOnly' ],
113 silly get     'cf-cache-status': 'HIT',
113 silly get     'cache-control': 'max-age=300',
113 silly get     'cf-ray': '4a3d6dd618d3b765-CDG',
113 silly get     etag: '"eaa140feadc822f6ecfd55aef91fe881"',
113 silly get     'expect-ct': 'max-age=604800, report-uri="https://report-uri.cloudflare.com/cdn-cgi/beacon/expect-ct"',
113 silly get     'last-modified': 'Tue, 01 Jan 2019 14:54:38 GMT',
113 silly get     vary: 'accept-encoding, accept',
113 silly get     'x-amz-meta-rev': '1317-6e47cf681789e53062625120e2d448eb',
113 silly get     server: 'cloudflare' } ]
114 verbose etag https://registry.npmjs.org/commander from cache
115 verbose get saving commander to /home/bc022/.npm/registry.npmjs.org/commander/.cache.json
116 silly resolveWithNewModule commander@2.13.0 checking installable status
117 silly cache add args [ 'commander@2.13.0', null ]
118 verbose cache add spec commander@2.13.0
119 silly cache add parsed spec Result {
119 silly cache add   raw: 'commander@2.13.0',
119 silly cache add   scope: null,
119 silly cache add   name: 'commander',
119 silly cache add   rawSpec: '2.13.0',
119 silly cache add   spec: '2.13.0',
119 silly cache add   type: 'version' }
120 silly addNamed commander@2.13.0
121 verbose addNamed "2.13.0" is a plain semver version for commander
122 silly mapToRegistry name commander
123 silly mapToRegistry using default registry
124 silly mapToRegistry registry https://registry.npmjs.org/
125 silly mapToRegistry uri https://registry.npmjs.org/commander
126 verbose addNameVersion registry:https://registry.npmjs.org/commander not in flight; fetching
127 verbose get https://registry.npmjs.org/commander not expired, no request
128 silly cache afterAdd commander@2.13.0
129 verbose afterAdd /home/bc022/.npm/commander/2.13.0/package/package.json not in flight; writing
130 verbose afterAdd /home/bc022/.npm/commander/2.13.0/package/package.json written
131 http 304 https://registry.npmjs.org/minimatch
132 verbose headers { date: 'Mon, 04 Feb 2019 13:19:27 GMT',
132 verbose headers   connection: 'keep-alive',
132 verbose headers   'set-cookie':
132 verbose headers    [ '__cfduid=d4765a3f5f39057aae4158d8a48aaad841549286367; expires=Tue, 04-Feb-20 13:19:27 GMT; path=/; domain=.registry.npmjs.org; HttpOnly' ],
132 verbose headers   'cf-cache-status': 'HIT',
132 verbose headers   'cache-control': 'max-age=300',
132 verbose headers   'cf-ray': '4a3d6dd70a5fb765-CDG',
132 verbose headers   etag: '"6e7e7da96df71be2863b8b8d1fcb5152"',
132 verbose headers   'expect-ct': 'max-age=604800, report-uri="https://report-uri.cloudflare.com/cdn-cgi/beacon/expect-ct"',
132 verbose headers   'last-modified': 'Sun, 27 May 2018 08:07:30 GMT',
132 verbose headers   vary: 'accept-encoding, accept',
132 verbose headers   server: 'cloudflare' }
133 silly get cb [ 304,
133 silly get   { date: 'Mon, 04 Feb 2019 13:19:27 GMT',
133 silly get     connection: 'keep-alive',
133 silly get     'set-cookie':
133 silly get      [ '__cfduid=d4765a3f5f39057aae4158d8a48aaad841549286367; expires=Tue, 04-Feb-20 13:19:27 GMT; path=/; domain=.registry.npmjs.org; HttpOnly' ],
133 silly get     'cf-cache-status': 'HIT',
133 silly get     'cache-control': 'max-age=300',
133 silly get     'cf-ray': '4a3d6dd70a5fb765-CDG',
133 silly get     etag: '"6e7e7da96df71be2863b8b8d1fcb5152"',
133 silly get     'expect-ct': 'max-age=604800, report-uri="https://report-uri.cloudflare.com/cdn-cgi/beacon/expect-ct"',
133 silly get     'last-modified': 'Sun, 27 May 2018 08:07:30 GMT',
133 silly get     vary: 'accept-encoding, accept',
133 silly get     server: 'cloudflare' } ]
134 verbose etag https://registry.npmjs.org/minimatch from cache
135 verbose get saving minimatch to /home/bc022/.npm/registry.npmjs.org/minimatch/.cache.json
136 http 304 https://registry.npmjs.org/ejs
137 verbose headers { date: 'Mon, 04 Feb 2019 13:19:27 GMT',
137 verbose headers   connection: 'keep-alive',
137 verbose headers   'set-cookie':
137 verbose headers    [ '__cfduid=d0d463b4980b749d01db94e1bf093c42c1549286367; expires=Tue, 04-Feb-20 13:19:27 GMT; path=/; domain=.registry.npmjs.org; HttpOnly' ],
137 verbose headers   'cf-cache-status': 'HIT',
137 verbose headers   'cache-control': 'max-age=300',
137 verbose headers   'cf-ray': '4a3d6dd70d72a857-CDG',
137 verbose headers   etag: '"17682c484328abcd2ddf27bad35a86eb"',
137 verbose headers   'expect-ct': 'max-age=604800, report-uri="https://report-uri.cloudflare.com/cdn-cgi/beacon/expect-ct"',
137 verbose headers   'last-modified': 'Sat, 26 May 2018 22:51:16 GMT',
137 verbose headers   vary: 'accept-encoding, accept',
137 verbose headers   server: 'cloudflare' }
138 silly get cb [ 304,
138 silly get   { date: 'Mon, 04 Feb 2019 13:19:27 GMT',
138 silly get     connection: 'keep-alive',
138 silly get     'set-cookie':
138 silly get      [ '__cfduid=d0d463b4980b749d01db94e1bf093c42c1549286367; expires=Tue, 04-Feb-20 13:19:27 GMT; path=/; domain=.registry.npmjs.org; HttpOnly' ],
138 silly get     'cf-cache-status': 'HIT',
138 silly get     'cache-control': 'max-age=300',
138 silly get     'cf-ray': '4a3d6dd70d72a857-CDG',
138 silly get     etag: '"17682c484328abcd2ddf27bad35a86eb"',
138 silly get     'expect-ct': 'max-age=604800, report-uri="https://report-uri.cloudflare.com/cdn-cgi/beacon/expect-ct"',
138 silly get     'last-modified': 'Sat, 26 May 2018 22:51:16 GMT',
138 silly get     vary: 'accept-encoding, accept',
138 silly get     server: 'cloudflare' } ]
139 verbose etag https://registry.npmjs.org/ejs from cache
140 verbose get saving ejs to /home/bc022/.npm/registry.npmjs.org/ejs/.cache.json
141 silly resolveWithNewModule minimatch@3.0.4 checking installable status
142 silly cache add args [ 'minimatch@3.0.4', null ]
143 verbose cache add spec minimatch@3.0.4
144 silly cache add parsed spec Result {
144 silly cache add   raw: 'minimatch@3.0.4',
144 silly cache add   scope: null,
144 silly cache add   name: 'minimatch',
144 silly cache add   rawSpec: '3.0.4',
144 silly cache add   spec: '3.0.4',
144 silly cache add   type: 'version' }
145 silly addNamed minimatch@3.0.4
146 verbose addNamed "3.0.4" is a plain semver version for minimatch
147 silly mapToRegistry name minimatch
148 silly mapToRegistry using default registry
149 silly mapToRegistry registry https://registry.npmjs.org/
150 silly mapToRegistry uri https://registry.npmjs.org/minimatch
151 verbose addNameVersion registry:https://registry.npmjs.org/minimatch not in flight; fetching
152 silly resolveWithNewModule ejs@2.5.7 checking installable status
153 silly cache add args [ 'ejs@2.5.7', null ]
154 verbose cache add spec ejs@2.5.7
155 silly cache add parsed spec Result {
155 silly cache add   raw: 'ejs@2.5.7',
155 silly cache add   scope: null,
155 silly cache add   name: 'ejs',
155 silly cache add   rawSpec: '2.5.7',
155 silly cache add   spec: '2.5.7',
155 silly cache add   type: 'version' }
156 silly addNamed ejs@2.5.7
157 verbose addNamed "2.5.7" is a plain semver version for ejs
158 silly mapToRegistry name ejs
159 silly mapToRegistry using default registry
160 silly mapToRegistry registry https://registry.npmjs.org/
161 silly mapToRegistry uri https://registry.npmjs.org/ejs
162 verbose addNameVersion registry:https://registry.npmjs.org/ejs not in flight; fetching
163 verbose get https://registry.npmjs.org/minimatch not expired, no request
164 verbose get https://registry.npmjs.org/ejs not expired, no request
165 silly cache afterAdd minimatch@3.0.4
166 verbose afterAdd /home/bc022/.npm/minimatch/3.0.4/package/package.json not in flight; writing
167 silly cache afterAdd ejs@2.5.7
168 verbose afterAdd /home/bc022/.npm/ejs/2.5.7/package/package.json not in flight; writing
169 verbose afterAdd /home/bc022/.npm/minimatch/3.0.4/package/package.json written
170 verbose afterAdd /home/bc022/.npm/ejs/2.5.7/package/package.json written
171 http 304 https://registry.npmjs.org/sorted-object
172 verbose headers { date: 'Mon, 04 Feb 2019 13:19:27 GMT',
172 verbose headers   connection: 'keep-alive',
172 verbose headers   'set-cookie':
172 verbose headers    [ '__cfduid=d72af1f3574e4f780fa16b7515aea92531549286367; expires=Tue, 04-Feb-20 13:19:27 GMT; path=/; domain=.registry.npmjs.org; HttpOnly' ],
172 verbose headers   'cf-cache-status': 'HIT',
172 verbose headers   'cache-control': 'max-age=300',
172 verbose headers   'cf-ray': '4a3d6dd72a66a8ab-CDG',
172 verbose headers   etag: '"ea98145528816e58739d28c9c9bc4e4f"',
172 verbose headers   'expect-ct': 'max-age=604800, report-uri="https://report-uri.cloudflare.com/cdn-cgi/beacon/expect-ct"',
172 verbose headers   'last-modified': 'Sun, 27 May 2018 17:50:35 GMT',
172 verbose headers   vary: 'accept-encoding, accept',
172 verbose headers   server: 'cloudflare' }
173 silly get cb [ 304,
173 silly get   { date: 'Mon, 04 Feb 2019 13:19:27 GMT',
173 silly get     connection: 'keep-alive',
173 silly get     'set-cookie':
173 silly get      [ '__cfduid=d72af1f3574e4f780fa16b7515aea92531549286367; expires=Tue, 04-Feb-20 13:19:27 GMT; path=/; domain=.registry.npmjs.org; HttpOnly' ],
173 silly get     'cf-cache-status': 'HIT',
173 silly get     'cache-control': 'max-age=300',
173 silly get     'cf-ray': '4a3d6dd72a66a8ab-CDG',
173 silly get     etag: '"ea98145528816e58739d28c9c9bc4e4f"',
173 silly get     'expect-ct': 'max-age=604800, report-uri="https://report-uri.cloudflare.com/cdn-cgi/beacon/expect-ct"',
173 silly get     'last-modified': 'Sun, 27 May 2018 17:50:35 GMT',
173 silly get     vary: 'accept-encoding, accept',
173 silly get     server: 'cloudflare' } ]
174 verbose etag https://registry.npmjs.org/sorted-object from cache
175 verbose get saving sorted-object to /home/bc022/.npm/registry.npmjs.org/sorted-object/.cache.json
176 silly resolveWithNewModule sorted-object@2.0.1 checking installable status
177 silly cache add args [ 'sorted-object@2.0.1', null ]
178 verbose cache add spec sorted-object@2.0.1
179 silly cache add parsed spec Result {
179 silly cache add   raw: 'sorted-object@2.0.1',
179 silly cache add   scope: null,
179 silly cache add   name: 'sorted-object',
179 silly cache add   rawSpec: '2.0.1',
179 silly cache add   spec: '2.0.1',
179 silly cache add   type: 'version' }
180 silly addNamed sorted-object@2.0.1
181 verbose addNamed "2.0.1" is a plain semver version for sorted-object
182 silly mapToRegistry name sorted-object
183 silly mapToRegistry using default registry
184 silly mapToRegistry registry https://registry.npmjs.org/
185 silly mapToRegistry uri https://registry.npmjs.org/sorted-object
186 verbose addNameVersion registry:https://registry.npmjs.org/sorted-object not in flight; fetching
187 verbose get https://registry.npmjs.org/sorted-object not expired, no request
188 silly cache afterAdd sorted-object@2.0.1
189 verbose afterAdd /home/bc022/.npm/sorted-object/2.0.1/package/package.json not in flight; writing
190 verbose afterAdd /home/bc022/.npm/sorted-object/2.0.1/package/package.json written
191 http 304 https://registry.npmjs.org/mkdirp
192 verbose headers { date: 'Mon, 04 Feb 2019 13:19:27 GMT',
192 verbose headers   connection: 'keep-alive',
192 verbose headers   'set-cookie':
192 verbose headers    [ '__cfduid=d34ec743ec98b2d12c6255ffc6749fce01549286367; expires=Tue, 04-Feb-20 13:19:27 GMT; path=/; domain=.registry.npmjs.org; HttpOnly' ],
192 verbose headers   'cf-cache-status': 'HIT',
192 verbose headers   'cache-control': 'max-age=300',
192 verbose headers   'cf-ray': '4a3d6dd74e44bd79-CDG',
192 verbose headers   etag: '"ada8927dab30a8226171e5034ce7d53f"',
192 verbose headers   'expect-ct': 'max-age=604800, report-uri="https://report-uri.cloudflare.com/cdn-cgi/beacon/expect-ct"',
192 verbose headers   'last-modified': 'Wed, 16 Jan 2019 11:19:37 GMT',
192 verbose headers   vary: 'accept-encoding, accept',
192 verbose headers   'x-amz-meta-rev': '448-e1a5c993b3a3083c55fddbd11f2e3b03',
192 verbose headers   server: 'cloudflare' }
193 silly get cb [ 304,
193 silly get   { date: 'Mon, 04 Feb 2019 13:19:27 GMT',
193 silly get     connection: 'keep-alive',
193 silly get     'set-cookie':
193 silly get      [ '__cfduid=d34ec743ec98b2d12c6255ffc6749fce01549286367; expires=Tue, 04-Feb-20 13:19:27 GMT; path=/; domain=.registry.npmjs.org; HttpOnly' ],
193 silly get     'cf-cache-status': 'HIT',
193 silly get     'cache-control': 'max-age=300',
193 silly get     'cf-ray': '4a3d6dd74e44bd79-CDG',
193 silly get     etag: '"ada8927dab30a8226171e5034ce7d53f"',
193 silly get     'expect-ct': 'max-age=604800, report-uri="https://report-uri.cloudflare.com/cdn-cgi/beacon/expect-ct"',
193 silly get     'last-modified': 'Wed, 16 Jan 2019 11:19:37 GMT',
193 silly get     vary: 'accept-encoding, accept',
193 silly get     'x-amz-meta-rev': '448-e1a5c993b3a3083c55fddbd11f2e3b03',
193 silly get     server: 'cloudflare' } ]
194 verbose etag https://registry.npmjs.org/mkdirp from cache
195 verbose get saving mkdirp to /home/bc022/.npm/registry.npmjs.org/mkdirp/.cache.json
196 silly resolveWithNewModule mkdirp@0.5.1 checking installable status
197 silly cache add args [ 'mkdirp@0.5.1', null ]
198 verbose cache add spec mkdirp@0.5.1
199 silly cache add parsed spec Result {
199 silly cache add   raw: 'mkdirp@0.5.1',
199 silly cache add   scope: null,
199 silly cache add   name: 'mkdirp',
199 silly cache add   rawSpec: '0.5.1',
199 silly cache add   spec: '0.5.1',
199 silly cache add   type: 'version' }
200 silly addNamed mkdirp@0.5.1
201 verbose addNamed "0.5.1" is a plain semver version for mkdirp
202 silly mapToRegistry name mkdirp
203 silly mapToRegistry using default registry
204 silly mapToRegistry registry https://registry.npmjs.org/
205 silly mapToRegistry uri https://registry.npmjs.org/mkdirp
206 verbose addNameVersion registry:https://registry.npmjs.org/mkdirp not in flight; fetching
207 verbose get https://registry.npmjs.org/mkdirp not expired, no request
208 silly cache afterAdd mkdirp@0.5.1
209 verbose afterAdd /home/bc022/.npm/mkdirp/0.5.1/package/package.json not in flight; writing
210 verbose afterAdd /home/bc022/.npm/mkdirp/0.5.1/package/package.json written
211 silly fetchNamedPackageData brace-expansion
212 silly mapToRegistry name brace-expansion
213 silly mapToRegistry using default registry
214 silly mapToRegistry registry https://registry.npmjs.org/
215 silly mapToRegistry uri https://registry.npmjs.org/brace-expansion
216 verbose request uri https://registry.npmjs.org/brace-expansion
217 verbose request no auth needed
218 info attempt registry request try #1 at 2:19:27 PM
219 verbose etag W/"e1bb7280c24dff102c3475d67515cff5"
220 verbose lastModified Sat, 26 May 2018 18:55:42 GMT
221 http request GET https://registry.npmjs.org/brace-expansion
222 http 304 https://registry.npmjs.org/brace-expansion
223 verbose headers { date: 'Mon, 04 Feb 2019 13:19:28 GMT',
223 verbose headers   connection: 'keep-alive',
223 verbose headers   'set-cookie':
223 verbose headers    [ '__cfduid=d4765a3f5f39057aae4158d8a48aaad841549286367; expires=Tue, 04-Feb-20 13:19:27 GMT; path=/; domain=.registry.npmjs.org; HttpOnly' ],
223 verbose headers   'cf-cache-status': 'HIT',
223 verbose headers   'cache-control': 'max-age=300',
223 verbose headers   'cf-ray': '4a3d6dd7ebb3b765-CDG',
223 verbose headers   etag: '"e1bb7280c24dff102c3475d67515cff5"',
223 verbose headers   'expect-ct': 'max-age=604800, report-uri="https://report-uri.cloudflare.com/cdn-cgi/beacon/expect-ct"',
223 verbose headers   'last-modified': 'Sat, 26 May 2018 18:55:42 GMT',
223 verbose headers   vary: 'accept-encoding, accept',
223 verbose headers   server: 'cloudflare' }
224 silly get cb [ 304,
224 silly get   { date: 'Mon, 04 Feb 2019 13:19:28 GMT',
224 silly get     connection: 'keep-alive',
224 silly get     'set-cookie':
224 silly get      [ '__cfduid=d4765a3f5f39057aae4158d8a48aaad841549286367; expires=Tue, 04-Feb-20 13:19:27 GMT; path=/; domain=.registry.npmjs.org; HttpOnly' ],
224 silly get     'cf-cache-status': 'HIT',
224 silly get     'cache-control': 'max-age=300',
224 silly get     'cf-ray': '4a3d6dd7ebb3b765-CDG',
224 silly get     etag: '"e1bb7280c24dff102c3475d67515cff5"',
224 silly get     'expect-ct': 'max-age=604800, report-uri="https://report-uri.cloudflare.com/cdn-cgi/beacon/expect-ct"',
224 silly get     'last-modified': 'Sat, 26 May 2018 18:55:42 GMT',
224 silly get     vary: 'accept-encoding, accept',
224 silly get     server: 'cloudflare' } ]
225 verbose etag https://registry.npmjs.org/brace-expansion from cache
226 verbose get saving brace-expansion to /home/bc022/.npm/registry.npmjs.org/brace-expansion/.cache.json
227 silly resolveWithNewModule brace-expansion@1.1.11 checking installable status
228 silly cache add args [ 'brace-expansion@^1.1.7', null ]
229 verbose cache add spec brace-expansion@^1.1.7
230 silly cache add parsed spec Result {
230 silly cache add   raw: 'brace-expansion@^1.1.7',
230 silly cache add   scope: null,
230 silly cache add   name: 'brace-expansion',
230 silly cache add   rawSpec: '^1.1.7',
230 silly cache add   spec: '>=1.1.7 <2.0.0',
230 silly cache add   type: 'range' }
231 silly addNamed brace-expansion@>=1.1.7 <2.0.0
232 verbose addNamed ">=1.1.7 <2.0.0" is a valid semver range for brace-expansion
233 silly addNameRange { name: 'brace-expansion',
233 silly addNameRange   range: '>=1.1.7 <2.0.0',
233 silly addNameRange   hasData: false }
234 silly mapToRegistry name brace-expansion
235 silly mapToRegistry using default registry
236 silly mapToRegistry registry https://registry.npmjs.org/
237 silly mapToRegistry uri https://registry.npmjs.org/brace-expansion
238 verbose addNameRange registry:https://registry.npmjs.org/brace-expansion not in flight; fetching
239 verbose get https://registry.npmjs.org/brace-expansion not expired, no request
240 silly addNameRange number 2 { name: 'brace-expansion',
240 silly addNameRange   range: '>=1.1.7 <2.0.0',
240 silly addNameRange   hasData: true }
241 silly addNameRange versions [ 'brace-expansion',
241 silly addNameRange   [ '0.0.0',
241 silly addNameRange     '1.0.0',
241 silly addNameRange     '1.0.1',
241 silly addNameRange     '1.1.0',
241 silly addNameRange     '1.1.1',
241 silly addNameRange     '1.1.2',
241 silly addNameRange     '1.1.3',
241 silly addNameRange     '1.1.4',
241 silly addNameRange     '1.1.5',
241 silly addNameRange     '1.1.6',
241 silly addNameRange     '1.1.7',
241 silly addNameRange     '1.1.8',
241 silly addNameRange     '1.1.9',
241 silly addNameRange     '1.1.10',
241 silly addNameRange     '1.1.11' ] ]
242 silly addNamed brace-expansion@1.1.11
243 verbose addNamed "1.1.11" is a plain semver version for brace-expansion
244 silly cache afterAdd brace-expansion@1.1.11
245 verbose afterAdd /home/bc022/.npm/brace-expansion/1.1.11/package/package.json not in flight; writing
246 verbose afterAdd /home/bc022/.npm/brace-expansion/1.1.11/package/package.json written
247 silly fetchNamedPackageData balanced-match
248 silly mapToRegistry name balanced-match
249 silly mapToRegistry using default registry
250 silly mapToRegistry registry https://registry.npmjs.org/
251 silly mapToRegistry uri https://registry.npmjs.org/balanced-match
252 silly fetchNamedPackageData concat-map
253 silly mapToRegistry name concat-map
254 silly mapToRegistry using default registry
255 silly mapToRegistry registry https://registry.npmjs.org/
256 silly mapToRegistry uri https://registry.npmjs.org/concat-map
257 verbose request uri https://registry.npmjs.org/balanced-match
258 verbose request no auth needed
259 info attempt registry request try #1 at 2:19:28 PM
260 verbose etag W/"768eec147806bc710f6b097c6384abbf"
261 verbose lastModified Sat, 26 May 2018 18:06:43 GMT
262 http request GET https://registry.npmjs.org/balanced-match
263 verbose request uri https://registry.npmjs.org/concat-map
264 verbose request no auth needed
265 info attempt registry request try #1 at 2:19:28 PM
266 verbose etag W/"94c413d99b46c784f563e6153e58a1d4"
267 verbose lastModified Sat, 26 May 2018 20:40:55 GMT
268 http request GET https://registry.npmjs.org/concat-map
269 http 304 https://registry.npmjs.org/balanced-match
270 verbose headers { date: 'Mon, 04 Feb 2019 13:19:28 GMT',
270 verbose headers   connection: 'keep-alive',
270 verbose headers   'set-cookie':
270 verbose headers    [ '__cfduid=db2800198caf50aeff6b73e47f04e1cf31549286368; expires=Tue, 04-Feb-20 13:19:28 GMT; path=/; domain=.registry.npmjs.org; HttpOnly' ],
270 verbose headers   'cf-cache-status': 'HIT',
270 verbose headers   'cache-control': 'max-age=300',
270 verbose headers   'cf-ray': '4a3d6dd86cadb765-CDG',
270 verbose headers   etag: '"768eec147806bc710f6b097c6384abbf"',
270 verbose headers   'expect-ct': 'max-age=604800, report-uri="https://report-uri.cloudflare.com/cdn-cgi/beacon/expect-ct"',
270 verbose headers   'last-modified': 'Sat, 26 May 2018 18:06:43 GMT',
270 verbose headers   vary: 'accept-encoding, accept',
270 verbose headers   server: 'cloudflare' }
271 silly get cb [ 304,
271 silly get   { date: 'Mon, 04 Feb 2019 13:19:28 GMT',
271 silly get     connection: 'keep-alive',
271 silly get     'set-cookie':
271 silly get      [ '__cfduid=db2800198caf50aeff6b73e47f04e1cf31549286368; expires=Tue, 04-Feb-20 13:19:28 GMT; path=/; domain=.registry.npmjs.org; HttpOnly' ],
271 silly get     'cf-cache-status': 'HIT',
271 silly get     'cache-control': 'max-age=300',
271 silly get     'cf-ray': '4a3d6dd86cadb765-CDG',
271 silly get     etag: '"768eec147806bc710f6b097c6384abbf"',
271 silly get     'expect-ct': 'max-age=604800, report-uri="https://report-uri.cloudflare.com/cdn-cgi/beacon/expect-ct"',
271 silly get     'last-modified': 'Sat, 26 May 2018 18:06:43 GMT',
271 silly get     vary: 'accept-encoding, accept',
271 silly get     server: 'cloudflare' } ]
272 verbose etag https://registry.npmjs.org/balanced-match from cache
273 verbose get saving balanced-match to /home/bc022/.npm/registry.npmjs.org/balanced-match/.cache.json
274 http 304 https://registry.npmjs.org/concat-map
275 verbose headers { date: 'Mon, 04 Feb 2019 13:19:28 GMT',
275 verbose headers   connection: 'keep-alive',
275 verbose headers   'set-cookie':
275 verbose headers    [ '__cfduid=d47e549e22fdaea7e63663594c3db8bd41549286368; expires=Tue, 04-Feb-20 13:19:28 GMT; path=/; domain=.registry.npmjs.org; HttpOnly' ],
275 verbose headers   'cf-cache-status': 'HIT',
275 verbose headers   'cache-control': 'max-age=300',
275 verbose headers   'cf-ray': '4a3d6dd86fb4a857-CDG',
275 verbose headers   etag: '"94c413d99b46c784f563e6153e58a1d4"',
275 verbose headers   'expect-ct': 'max-age=604800, report-uri="https://report-uri.cloudflare.com/cdn-cgi/beacon/expect-ct"',
275 verbose headers   'last-modified': 'Sat, 26 May 2018 20:40:55 GMT',
275 verbose headers   vary: 'accept-encoding, accept',
275 verbose headers   server: 'cloudflare' }
276 silly get cb [ 304,
276 silly get   { date: 'Mon, 04 Feb 2019 13:19:28 GMT',
276 silly get     connection: 'keep-alive',
276 silly get     'set-cookie':
276 silly get      [ '__cfduid=d47e549e22fdaea7e63663594c3db8bd41549286368; expires=Tue, 04-Feb-20 13:19:28 GMT; path=/; domain=.registry.npmjs.org; HttpOnly' ],
276 silly get     'cf-cache-status': 'HIT',
276 silly get     'cache-control': 'max-age=300',
276 silly get     'cf-ray': '4a3d6dd86fb4a857-CDG',
276 silly get     etag: '"94c413d99b46c784f563e6153e58a1d4"',
276 silly get     'expect-ct': 'max-age=604800, report-uri="https://report-uri.cloudflare.com/cdn-cgi/beacon/expect-ct"',
276 silly get     'last-modified': 'Sat, 26 May 2018 20:40:55 GMT',
276 silly get     vary: 'accept-encoding, accept',
276 silly get     server: 'cloudflare' } ]
277 verbose etag https://registry.npmjs.org/concat-map from cache
278 verbose get saving concat-map to /home/bc022/.npm/registry.npmjs.org/concat-map/.cache.json
279 silly resolveWithNewModule concat-map@0.0.1 checking installable status
280 silly cache add args [ 'concat-map@0.0.1', null ]
281 verbose cache add spec concat-map@0.0.1
282 silly cache add parsed spec Result {
282 silly cache add   raw: 'concat-map@0.0.1',
282 silly cache add   scope: null,
282 silly cache add   name: 'concat-map',
282 silly cache add   rawSpec: '0.0.1',
282 silly cache add   spec: '0.0.1',
282 silly cache add   type: 'version' }
283 silly addNamed concat-map@0.0.1
284 verbose addNamed "0.0.1" is a plain semver version for concat-map
285 silly mapToRegistry name concat-map
286 silly mapToRegistry using default registry
287 silly mapToRegistry registry https://registry.npmjs.org/
288 silly mapToRegistry uri https://registry.npmjs.org/concat-map
289 verbose addNameVersion registry:https://registry.npmjs.org/concat-map not in flight; fetching
290 silly resolveWithNewModule balanced-match@1.0.0 checking installable status
291 silly cache add args [ 'balanced-match@^1.0.0', null ]
292 verbose cache add spec balanced-match@^1.0.0
293 silly cache add parsed spec Result {
293 silly cache add   raw: 'balanced-match@^1.0.0',
293 silly cache add   scope: null,
293 silly cache add   name: 'balanced-match',
293 silly cache add   rawSpec: '^1.0.0',
293 silly cache add   spec: '>=1.0.0 <2.0.0',
293 silly cache add   type: 'range' }
294 silly addNamed balanced-match@>=1.0.0 <2.0.0
295 verbose addNamed ">=1.0.0 <2.0.0" is a valid semver range for balanced-match
296 silly addNameRange { name: 'balanced-match',
296 silly addNameRange   range: '>=1.0.0 <2.0.0',
296 silly addNameRange   hasData: false }
297 silly mapToRegistry name balanced-match
298 silly mapToRegistry using default registry
299 silly mapToRegistry registry https://registry.npmjs.org/
300 silly mapToRegistry uri https://registry.npmjs.org/balanced-match
301 verbose addNameRange registry:https://registry.npmjs.org/balanced-match not in flight; fetching
302 verbose get https://registry.npmjs.org/concat-map not expired, no request
303 verbose get https://registry.npmjs.org/balanced-match not expired, no request
304 silly addNameRange number 2 { name: 'balanced-match',
304 silly addNameRange   range: '>=1.0.0 <2.0.0',
304 silly addNameRange   hasData: true }
305 silly addNameRange versions [ 'balanced-match',
305 silly addNameRange   [ '0.0.0',
305 silly addNameRange     '0.0.1',
305 silly addNameRange     '0.1.0',
305 silly addNameRange     '0.2.0',
305 silly addNameRange     '0.2.1',
305 silly addNameRange     '0.3.0',
305 silly addNameRange     '0.4.0',
305 silly addNameRange     '0.4.1',
305 silly addNameRange     '0.4.2',
305 silly addNameRange     '1.0.0' ] ]
306 silly addNamed balanced-match@1.0.0
307 verbose addNamed "1.0.0" is a plain semver version for balanced-match
308 silly cache afterAdd concat-map@0.0.1
309 verbose afterAdd /home/bc022/.npm/concat-map/0.0.1/package/package.json not in flight; writing
310 silly cache afterAdd balanced-match@1.0.0
311 verbose afterAdd /home/bc022/.npm/balanced-match/1.0.0/package/package.json not in flight; writing
312 verbose afterAdd /home/bc022/.npm/concat-map/0.0.1/package/package.json written
313 verbose afterAdd /home/bc022/.npm/balanced-match/1.0.0/package/package.json written
314 silly fetchNamedPackageData minimist
315 silly mapToRegistry name minimist
316 silly mapToRegistry using default registry
317 silly mapToRegistry registry https://registry.npmjs.org/
318 silly mapToRegistry uri https://registry.npmjs.org/minimist
319 verbose request uri https://registry.npmjs.org/minimist
320 verbose request no auth needed
321 info attempt registry request try #1 at 2:19:28 PM
322 verbose etag W/"9dfbe33104f5b8b3939e22efda3e8529"
323 verbose lastModified Fri, 04 Jan 2019 19:41:42 GMT
324 http request GET https://registry.npmjs.org/minimist
325 http 304 https://registry.npmjs.org/minimist
326 verbose headers { date: 'Mon, 04 Feb 2019 13:19:28 GMT',
326 verbose headers   connection: 'keep-alive',
326 verbose headers   'set-cookie':
326 verbose headers    [ '__cfduid=ddbc702ae677b54da1d9aecfbf6cc48271549286368; expires=Tue, 04-Feb-20 13:19:28 GMT; path=/; domain=.registry.npmjs.org; HttpOnly' ],
326 verbose headers   'cf-cache-status': 'HIT',
326 verbose headers   'cache-control': 'max-age=300',
326 verbose headers   'cf-ray': '4a3d6dd8dd6ba8ab-CDG',
326 verbose headers   etag: '"9dfbe33104f5b8b3939e22efda3e8529"',
326 verbose headers   'expect-ct': 'max-age=604800, report-uri="https://report-uri.cloudflare.com/cdn-cgi/beacon/expect-ct"',
326 verbose headers   'last-modified': 'Fri, 04 Jan 2019 19:41:42 GMT',
326 verbose headers   vary: 'accept-encoding, accept',
326 verbose headers   'x-amz-meta-rev': '553-2cf91eb33542937a55c888f7eadc2f1e',
326 verbose headers   server: 'cloudflare' }
327 silly get cb [ 304,
327 silly get   { date: 'Mon, 04 Feb 2019 13:19:28 GMT',
327 silly get     connection: 'keep-alive',
327 silly get     'set-cookie':
327 silly get      [ '__cfduid=ddbc702ae677b54da1d9aecfbf6cc48271549286368; expires=Tue, 04-Feb-20 13:19:28 GMT; path=/; domain=.registry.npmjs.org; HttpOnly' ],
327 silly get     'cf-cache-status': 'HIT',
327 silly get     'cache-control': 'max-age=300',
327 silly get     'cf-ray': '4a3d6dd8dd6ba8ab-CDG',
327 silly get     etag: '"9dfbe33104f5b8b3939e22efda3e8529"',
327 silly get     'expect-ct': 'max-age=604800, report-uri="https://report-uri.cloudflare.com/cdn-cgi/beacon/expect-ct"',
327 silly get     'last-modified': 'Fri, 04 Jan 2019 19:41:42 GMT',
327 silly get     vary: 'accept-encoding, accept',
327 silly get     'x-amz-meta-rev': '553-2cf91eb33542937a55c888f7eadc2f1e',
327 silly get     server: 'cloudflare' } ]
328 verbose etag https://registry.npmjs.org/minimist from cache
329 verbose get saving minimist to /home/bc022/.npm/registry.npmjs.org/minimist/.cache.json
330 silly resolveWithNewModule minimist@0.0.8 checking installable status
331 silly cache add args [ 'minimist@0.0.8', null ]
332 verbose cache add spec minimist@0.0.8
333 silly cache add parsed spec Result {
333 silly cache add   raw: 'minimist@0.0.8',
333 silly cache add   scope: null,
333 silly cache add   name: 'minimist',
333 silly cache add   rawSpec: '0.0.8',
333 silly cache add   spec: '0.0.8',
333 silly cache add   type: 'version' }
334 silly addNamed minimist@0.0.8
335 verbose addNamed "0.0.8" is a plain semver version for minimist
336 silly mapToRegistry name minimist
337 silly mapToRegistry using default registry
338 silly mapToRegistry registry https://registry.npmjs.org/
339 silly mapToRegistry uri https://registry.npmjs.org/minimist
340 verbose addNameVersion registry:https://registry.npmjs.org/minimist not in flight; fetching
341 verbose get https://registry.npmjs.org/minimist not expired, no request
342 silly cache afterAdd minimist@0.0.8
343 verbose afterAdd /home/bc022/.npm/minimist/0.0.8/package/package.json not in flight; writing
344 verbose afterAdd /home/bc022/.npm/minimist/0.0.8/package/package.json written
345 silly loadAllDepsIntoIdealTree Finishing
346 silly idealTree:prePrune lib
346 silly idealTree:prePrune └─┬ express-generator@4.16.0
346 silly idealTree:prePrune   ├── balanced-match@1.0.0
346 silly idealTree:prePrune   ├── brace-expansion@1.1.11
346 silly idealTree:prePrune   ├── commander@2.13.0
346 silly idealTree:prePrune   ├── concat-map@0.0.1
346 silly idealTree:prePrune   ├── ejs@2.5.7
346 silly idealTree:prePrune   ├── minimatch@3.0.4
346 silly idealTree:prePrune   ├── minimist@0.0.8
346 silly idealTree:prePrune   ├── mkdirp@0.5.1
346 silly idealTree:prePrune   └── sorted-object@2.0.1
347 silly loadIdealTree Finishing
348 silly currentTree lib
348 silly currentTree └─┬ express-generator@4.16.0
348 silly currentTree   ├── balanced-match@1.0.0
348 silly currentTree   ├── brace-expansion@1.1.11
348 silly currentTree   ├── commander@2.13.0
348 silly currentTree   ├── concat-map@0.0.1
348 silly currentTree   ├── ejs@2.5.7
348 silly currentTree   ├── minimatch@3.0.4
348 silly currentTree   ├── minimist@0.0.8
348 silly currentTree   ├── mkdirp@0.5.1
348 silly currentTree   └── sorted-object@2.0.1
349 silly idealTree lib
349 silly idealTree └─┬ express-generator@4.16.0
349 silly idealTree   ├── balanced-match@1.0.0
349 silly idealTree   ├── brace-expansion@1.1.11
349 silly idealTree   ├── commander@2.13.0
349 silly idealTree   ├── concat-map@0.0.1
349 silly idealTree   ├── ejs@2.5.7
349 silly idealTree   ├── minimatch@3.0.4
349 silly idealTree   ├── minimist@0.0.8
349 silly idealTree   ├── mkdirp@0.5.1
349 silly idealTree   └── sorted-object@2.0.1
350 silly generateActionsToTake Starting
351 silly install generateActionsToTake
352 warn checkPermissions Missing write access to /usr/local/lib/node_modules/express-generator
353 warn checkPermissions Missing write access to /usr/local/lib/node_modules
354 silly rollbackFailedOptional Starting
355 silly rollbackFailedOptional Finishing
356 silly runTopLevelLifecycles Starting
357 silly runTopLevelLifecycles Finishing
358 silly install printInstalled
359 verbose stack Error: EACCES: permission denied, access '/usr/local/lib/node_modules/express-generator'
360 verbose cwd /home/bc022/Documents/_blank/exercises-harouna-kanoute/nodejs/lesson4/exercise1/exercise1
361 error Linux 4.15.0-43-generic
362 error argv "/usr/bin/node" "/usr/bin/npm" "install" "express-generator" "-g"
363 error node v8.10.0
364 error npm  v3.5.2
365 error path /usr/local/lib/node_modules/express-generator
366 error code EACCES
367 error errno -13
368 error syscall access
369 error Error: EACCES: permission denied, access '/usr/local/lib/node_modules/express-generator'
369 error  { Error: EACCES: permission denied, access '/usr/local/lib/node_modules/express-generator'
369 error   errno: -13,
369 error   code: 'EACCES',
369 error   syscall: 'access',
369 error   path: '/usr/local/lib/node_modules/express-generator' }
370 error Please try running this command again as root/Administrator.
371 verbose exit [ -13, true ]
